0 info it worked if it ends with ok
1 verbose cli [ '/home/thezero/.nvm/versions/v4.0.0/bin/node',
1 verbose cli   '/home/thezero/.nvm/versions/v4.0.0/bin/npm',
1 verbose cli   'version',
1 verbose cli   '0.1.3' ]
2 info using npm@2.14.2
3 info using node@v4.0.0
4 info git [ 'status', '--porcelain' ]
5 verbose stack Error: Git working directory not clean.
5 verbose stack M app/app.js
5 verbose stack     at /home/thezero/.nvm/versions/v4.0.0/lib/node_modules/npm/lib/version.js:171:21
5 verbose stack     at ChildProcess.exithandler (child_process.js:194:7)
5 verbose stack     at emitTwo (events.js:87:13)
5 verbose stack     at ChildProcess.emit (events.js:172:7)
5 verbose stack     at maybeClose (internal/child_process.js:817:16)
5 verbose stack     at Socket.<anonymous> (internal/child_process.js:319:11)
5 verbose stack     at emitOne (events.js:77:13)
5 verbose stack     at Socket.emit (events.js:169:7)
5 verbose stack     at Pipe._onclose (net.js:469:12)
6 verbose cwd /opt/git/penmode3
7 error Linux 3.13.0-65-generic
8 error argv "/home/thezero/.nvm/versions/v4.0.0/bin/node" "/home/thezero/.nvm/versions/v4.0.0/bin/npm" "version" "0.1.3"
9 error node v4.0.0
10 error npm  v2.14.2
11 error Git working directory not clean.
11 error M app/app.js
12 error If you need help, you may report this error at:
12 error     <https://github.com/npm/npm/issues>
13 verbose exit [ 1, true ]
